<?xml version="1.0" encoding="UTF-8"?>
<testng-results skipped="0" failed="0" ignored="0" total="2" passed="2">
  <reporter-output>
  </reporter-output>
  <suite name="Amazon Test Script" duration-ms="32761" started-at="2021-03-27T21:36:30 EDT" finished-at="2021-03-27T21:37:03 EDT">
    <groups>
    </groups>
    <test name="Amazon Home" duration-ms="32761" started-at="2021-03-27T21:36:30 EDT" finished-at="2021-03-27T21:37:03 EDT">
      <class name="landing.Search">
        <test-method status="PASS" signature="first()[pri:0, instance:landing.Search@4cf777e8]" name="first" is-config="true" duration-ms="7486" started-at="2021-03-27T21:36:50 EDT" finished-at="2021-03-27T21:36:57 EDT">
          <reporter-output>
          </reporter-output>
        </test-method> <!-- first -->
        <test-method status="PASS" signature="search()[pri:0, instance:landing.Search@4cf777e8]" name="search" duration-ms="5790" started-at="2021-03-27T21:36:57 EDT" finished-at="2021-03-27T21:37:03 EDT">
          <reporter-output>
          </reporter-output>
        </test-method> <!-- search -->
        <test-method status="PASS" signature="last()[pri:0, instance:landing.Search@4cf777e8]" name="last" is-config="true" duration-ms="125" started-at="2021-03-27T21:37:03 EDT" finished-at="2021-03-27T21:37:03 EDT">
          <reporter-output>
          </reporter-output>
        </test-method> <!-- last -->
      </class> <!-- landing.Search -->
      <class name="landing.ClickShopEaster">
        <test-method status="PASS" signature="first()[pri:0, instance:landing.ClickShopEaster@42d80b78]" name="first" is-config="true" duration-ms="7459" started-at="2021-03-27T21:36:30 EDT" finished-at="2021-03-27T21:36:38 EDT">
          <reporter-output>
          </reporter-output>
        </test-method> <!-- first -->
        <test-method status="PASS" signature="Easter()[pri:0, instance:landing.ClickShopEaster@42d80b78]" name="Easter" duration-ms="11583" started-at="2021-03-27T21:36:38 EDT" finished-at="2021-03-27T21:36:49 EDT">
          <reporter-output>
          </reporter-output>
        </test-method> <!-- Easter -->
        <test-method status="PASS" signature="last()[pri:0, instance:landing.ClickShopEaster@42d80b78]" name="last" is-config="true" duration-ms="195" started-at="2021-03-27T21:36:50 EDT" finished-at="2021-03-27T21:36:50 EDT">
          <reporter-output>
          </reporter-output>
        </test-method> <!-- last -->
      </class> <!-- landing.ClickShopEaster -->
    </test> <!-- Amazon Home -->
  </suite> <!-- Amazon Test Script -->
</testng-results>
